<?xml version="1.0" encoding="UTF-8"?>
<!-- Generated by org.testng.reporters.JUnitXMLReporter -->
<testsuite ignored="0" hostname="DESKTOP-JAPR9I4" failures="1" tests="1" name="Test" time="35.213" errors="0" timestamp="2023-10-15T18:33:24 IST">
  <testcase classname="com.releases.testrunner.ReleasesTestRunner" name="feature" time="32.243">
    <failure type="cucumber.runtime.CucumberException" message="org.openqa.selenium.SessionNotCreatedException: session not created: This version of ChromeDriver only supports Chrome version 114
Current browser version is 118.0.5993.70 with binary path C:\Program Files\Google\Chrome\Application\chrome.exe
Build info: version: &amp;apos;3.141.59&amp;apos;, revision: &amp;apos;e82be7d358&amp;apos;, time: &amp;apos;2018-11-14T08:17:03&amp;apos;
System info: host: &amp;apos;DESKTOP-JAPR9I4&amp;apos;, ip: &amp;apos;192.168.1.13&amp;apos;, os.name: &amp;apos;Windows 10&amp;apos;, os.arch: &amp;apos;amd64&amp;apos;, os.version: &amp;apos;10.0&amp;apos;, java.version: &amp;apos;15.0.2&amp;apos;
Driver info: driver.version: ChromeDriver
remote stacktrace: Backtrace:
	GetHandleVerifier [0x0030A813+48355]
	(No symbol) [0x0029C4B1]
	(No symbol) [0x001A5358]
	(No symbol) [0x001C61AC]
	(No symbol) [0x001C1EF3]
	(No symbol) [0x001C0579]
	(No symbol) [0x001F0C55]
	(No symbol) [0x001F093C]
	(No symbol) [0x001EA536]
	(No symbol) [0x001C82DC]
	(No symbol) [0x001C93DD]
	GetHandleVerifier [0x0056AABD+2539405]
	GetHandleVerifier [0x005AA78F+2800735]
	GetHandleVerifier [0x005A456C+2775612]
	GetHandleVerifier [0x003951E0+616112]
	(No symbol) [0x002A5F8C]
	(No symbol) [0x002A2328]
	(No symbol) [0x002A240B]
	(No symbol) [0x00294FF7]
	BaseThreadInitThunk [0x7767FCC9+25]
	RtlGetAppContainerNamedObjectPath [0x77C37B1E+286]
	RtlGetAppContainerNamedObjectPath [0x77C37AEE+238]
	(No symbol) [0x00000000]
">
      <![CDATA[cucumber.runtime.CucumberException: org.openqa.selenium.SessionNotCreatedException: session not created: This version of ChromeDriver only supports Chrome version 114
Current browser version is 118.0.5993.70 with binary path C:\Program Files\Google\Chrome\Application\chrome.exe
Build info: version: '3.141.59', revision: 'e82be7d358', time: '2018-11-14T08:17:03'
System info: host: 'DESKTOP-JAPR9I4', ip: '192.168.1.13', os.name: 'Windows 10', os.arch: 'amd64', os.version: '10.0', java.version: '15.0.2'
Driver info: driver.version: ChromeDriver
remote stacktrace: Backtrace:
GetHandleVerifier [0x0030A813+48355]
(No symbol) [0x0029C4B1]
(No symbol) [0x001A5358]
(No symbol) [0x001C61AC]
(No symbol) [0x001C1EF3]
(No symbol) [0x001C0579]
(No symbol) [0x001F0C55]
(No symbol) [0x001F093C]
(No symbol) [0x001EA536]
(No symbol) [0x001C82DC]
(No symbol) [0x001C93DD]
GetHandleVerifier [0x0056AABD+2539405]
GetHandleVerifier [0x005AA78F+2800735]
GetHandleVerifier [0x005A456C+2775612]
GetHandleVerifier [0x003951E0+616112]
(No symbol) [0x002A5F8C]
(No symbol) [0x002A2328]
(No symbol) [0x002A240B]
(No symbol) [0x00294FF7]
BaseThreadInitThunk [0x7767FCC9+25]
RtlGetAppContainerNamedObjectPath [0x77C37B1E+286]
RtlGetAppContainerNamedObjectPath [0x77C37AEE+238]
(No symbol) [0x00000000]

at cucumber.api.testng.TestNGCucumberRunner.runCucumber(TestNGCucumberRunner.java:69)
at com.releases.testrunner.ReleasesTestRunner.feature(ReleasesTestRunner.java:42)
at java.base/java.util.ArrayList.forEach(ArrayList.java:1511)
Caused by: org.openqa.selenium.SessionNotCreatedException: session not created: This version of ChromeDriver only supports Chrome version 114
Current browser version is 118.0.5993.70 with binary path C:\Program Files\Google\Chrome\Application\chrome.exe
Build info: version: '3.141.59', revision: 'e82be7d358', time: '2018-11-14T08:17:03'
System info: host: 'DESKTOP-JAPR9I4', ip: '192.168.1.13', os.name: 'Windows 10', os.arch: 'amd64', os.version: '10.0', java.version: '15.0.2'
Driver info: driver.version: ChromeDriver
remote stacktrace: Backtrace:
GetHandleVerifier [0x0030A813+48355]
(No symbol) [0x0029C4B1]
(No symbol) [0x001A5358]
(No symbol) [0x001C61AC]
(No symbol) [0x001C1EF3]
(No symbol) [0x001C0579]
(No symbol) [0x001F0C55]
(No symbol) [0x001F093C]
(No symbol) [0x001EA536]
(No symbol) [0x001C82DC]
(No symbol) [0x001C93DD]
GetHandleVerifier [0x0056AABD+2539405]
GetHandleVerifier [0x005AA78F+2800735]
GetHandleVerifier [0x005A456C+2775612]
GetHandleVerifier [0x003951E0+616112]
(No symbol) [0x002A5F8C]
(No symbol) [0x002A2328]
(No symbol) [0x002A240B]
(No symbol) [0x00294FF7]
BaseThreadInitThunk [0x7767FCC9+25]
RtlGetAppContainerNamedObjectPath [0x77C37B1E+286]
RtlGetAppContainerNamedObjectPath [0x77C37AEE+238]
(No symbol) [0x00000000]

at org.openqa.selenium.remote.W3CHandshakeResponse.lambda$errorHandler$0(W3CHandshakeResponse.java:62)
at org.openqa.selenium.remote.HandshakeResponse.lambda$getResponseFunction$0(HandshakeResponse.java:30)
at org.openqa.selenium.remote.ProtocolHandshake.lambda$createSession$0(ProtocolHandshake.java:126)
at java.base/java.util.stream.ReferencePipeline$3$1.accept(ReferencePipeline.java:195)
at java.base/java.util.Spliterators$ArraySpliterator.tryAdvance(Spliterators.java:958)
at java.base/java.util.stream.ReferencePipeline.forEachWithCancel(ReferencePipeline.java:127)
at java.base/java.util.stream.AbstractPipeline.copyIntoWithCancel(AbstractPipeline.java:502)
at java.base/java.util.stream.AbstractPipeline.copyInto(AbstractPipeline.java:488)
at java.base/java.util.stream.AbstractPipeline.wrapAndCopyInto(AbstractPipeline.java:474)
at java.base/java.util.stream.FindOps$FindOp.evaluateSequential(FindOps.java:150)
at java.base/java.util.stream.AbstractPipeline.evaluate(AbstractPipeline.java:234)
at java.base/java.util.stream.ReferencePipeline.findFirst(ReferencePipeline.java:543)
at org.openqa.selenium.remote.ProtocolHandshake.createSession(ProtocolHandshake.java:128)
at org.openqa.selenium.remote.ProtocolHandshake.createSession(ProtocolHandshake.java:74)
at org.openqa.selenium.remote.HttpCommandExecutor.execute(HttpCommandExecutor.java:136)
at org.openqa.selenium.remote.service.DriverCommandExecutor.execute(DriverCommandExecutor.java:83)
at org.openqa.selenium.remote.RemoteWebDriver.execute(RemoteWebDriver.java:552)
at org.openqa.selenium.remote.RemoteWebDriver.startSession(RemoteWebDriver.java:213)
at org.openqa.selenium.remote.RemoteWebDriver.<init>(RemoteWebDriver.java:131)
at org.openqa.selenium.chrome.ChromeDriver.<init>(ChromeDriver.java:181)
at org.openqa.selenium.chrome.ChromeDriver.<init>(ChromeDriver.java:168)
at org.openqa.selenium.chrome.ChromeDriver.<init>(ChromeDriver.java:157)
at com.releases.basepage.BasePageClass.invokeBrowser(BasePageClass.java:34)
at com.releases.stepdefinitionfiles.ReleasesModuleSteps.pageSetUp(ReleasesModuleSteps.java:43)
at cucumber.runtime.Utils$1.call(Utils.java:40)
at cucumber.runtime.Timeout.timeout(Timeout.java:16)
at cucumber.runtime.Utils.invoke(Utils.java:34)
at cucumber.runtime.java.JavaHookDefinition.execute(JavaHookDefinition.java:60)
at cucumber.runtime.Runtime.runHookIfTagsMatch(Runtime.java:224)
at cucumber.runtime.Runtime.runHooks(Runtime.java:212)
at cucumber.runtime.Runtime.runBeforeHooks(Runtime.java:202)
at cucumber.runtime.model.CucumberScenario.run(CucumberScenario.java:40)
at cucumber.runtime.model.CucumberFeature.run(CucumberFeature.java:165)
at cucumber.api.testng.TestNGCucumberRunner.runCucumber(TestNGCucumberRunner.java:63)
... 29 more
... Removed 36 stack frames]]>
    </failure>
  </testcase> <!-- feature -->
</testsuite> <!-- Test -->
